<?xml version="1.0" encoding="UTF-8"?>
<testng-results skipped="0" failed="0" ignored="0" total="1" passed="1">
  <reporter-output>
  </reporter-output>
  <suite name="Default suite" duration-ms="55058" started-at="2021-09-19T14:31:17Z" finished-at="2021-09-19T14:32:12Z">
    <groups>
    </groups>
    <test name="Default test" duration-ms="55058" started-at="2021-09-19T14:31:17Z" finished-at="2021-09-19T14:32:12Z">
      <class name="scenariofunctionality.scenario1">
        <test-method status="PASS" signature="functionality1()[pri:0, instance:scenariofunctionality.scenario1@53f65459]" name="functionality1" duration-ms="55035" started-at="2021-09-19T14:31:17Z" finished-at="2021-09-19T14:32:12Z">
          <reporter-output>
          </reporter-output>
        </test-method> <!-- functionality1 -->
      </class> <!-- scenariofunctionality.scenario1 -->
    </test> <!-- Default test -->
  </suite> <!-- Default suite -->
</testng-results>
